
> inout-moving-app@1.0.0 build:web
> expo export --platform web

env: load .env
env: export EXPO_PUBLIC_SUPABASE_ANON_KEY EXPO_PUBLIC_SUPABASE_URL EXPO_PUBLIC_VAPI_API_KEY EXPO_PUBLIC_VAPI_ASSISTANT_ID EXPO_PUBLIC_VAPI_PHONE_NUMBER EXPO_PUBLIC_SLACK_WEBHOOK_URL EXPO_PUBLIC_SLACK_BOT_TOKEN EXPO_PUBLIC_SENTRY_DSN SMTP_HOST SMTP_PORT SMTP_USER SMTP_PASSWORD SMTP_FROM_EMAIL SMTP_FROM_NAME
Starting Metro Bundler
Static rendering is enabled. Learn more: https://docs.expo.dev/router/reference/static-rendering/
Web node_modules/expo-router/entry.js ░░░░░░░░░░░░░░░░  0.0% (0/1)
λ node_modules/expo-router/node/render.js ░░░░░░░░░░░░░░░░  0.0% (0/1)
| [baseline-browser-mapping] The data in this module is over two months old.  To ensure accurate Baseline data, please update: `npm i baseline-browser-mapping@latest -D`
| [baseline-browser-mapping] The data in this module is over two months old.  To ensure accurate Baseline data, please update: `npm i baseline-browser-mapping@latest -D`
| [baseline-browser-mapping] The data in this module is over two months old.  To ensure accurate Baseline data, please update: `npm i baseline-browser-mapping@latest -D`
Web node_modules/expo-router/entry.js ▓▓▓▓░░░░░░░░░░░░ 28.4% ( 8/15)
λ node_modules/expo-router/node/render.js ▓░░░░░░░░░░░░░░░  6.3% ( 6/24)
Web node_modules/expo-router/entry.js ▓▓▓▓▓▓░░░░░░░░░░ 39.1% (15/28)
λ node_modules/expo-router/node/render.js ▓░░░░░░░░░░░░░░░  6.3% ( 22/127)
Web node_modules/expo-router/entry.js ▓▓▓▓▓▓░░░░░░░░░░ 39.1% (15/28)
λ node_modules/expo-router/node/render.js ▓░░░░░░░░░░░░░░░  6.6% ( 45/210)
Web node_modules/expo-router/entry.js ▓▓▓▓▓▓░░░░░░░░░░ 39.1% (15/28)
λ node_modules/expo-router/node/render.js ▓░░░░░░░░░░░░░░░  7.7% ( 65/238)
Web node_modules/expo-router/entry.js ▓▓▓▓▓▓░░░░░░░░░░ 39.1% (15/28)
λ node_modules/expo-router/node/render.js ▓░░░░░░░░░░░░░░░ 10.8% ( 81/246)
Web node_modules/expo-router/entry.js ▓▓▓▓▓▓░░░░░░░░░░ 39.1% (15/28)
λ node_modules/expo-router/node/render.js ▓░░░░░░░░░░░░░░░ 12.0% ( 92/266)
Web node_modules/expo-router/entry.js ▓▓▓▓▓▓░░░░░░░░░░ 39.1% (15/28)
λ node_modules/expo-router/node/render.js ▓▓░░░░░░░░░░░░░░ 16.0% (116/290)
Web node_modules/expo-router/entry.js ▓▓▓▓▓▓░░░░░░░░░░ 39.1% ( 54/148)
λ node_modules/expo-router/node/render.js ▓▓░░░░░░░░░░░░░░ 17.1% (124/301)
Web node_modules/expo-router/entry.js ▓▓▓▓▓▓░░░░░░░░░░ 39.1% ( 81/186)
λ node_modules/expo-router/node/render.js ▓▓░░░░░░░░░░░░░░ 17.1% (124/301)
Web node_modules/expo-router/entry.js ▓▓▓▓▓▓░░░░░░░░░░ 39.1% ( 87/187)
λ node_modules/expo-router/node/render.js ▓▓▓▓░░░░░░░░░░░░ 26.0% (164/330)
Web node_modules/expo-router/entry.js ▓▓▓▓▓▓░░░░░░░░░░ 39.1% ( 87/187)
λ node_modules/expo-router/node/render.js ▓▓▓▓░░░░░░░░░░░░ 30.8% (194/372)
Web node_modules/expo-router/entry.js ▓▓▓▓▓▓░░░░░░░░░░ 39.1% ( 87/187)
λ node_modules/expo-router/node/render.js ▓▓▓▓░░░░░░░░░░░░ 30.8% (208/401)
Web node_modules/expo-router/entry.js ▓▓▓▓▓▓░░░░░░░░░░ 39.1% ( 87/187)
λ node_modules/expo-router/node/render.js ▓▓▓▓░░░░░░░░░░░░ 30.8% (240/441)
Web node_modules/expo-router/entry.js ▓▓▓▓▓▓░░░░░░░░░░ 39.1% ( 87/187)
λ node_modules/expo-router/node/render.js ▓▓▓▓▓▓░░░░░░░░░░ 39.3% (293/468)
Web node_modules/expo-router/entry.js ▓▓▓▓▓▓░░░░░░░░░░ 39.1% (119/233)
λ node_modules/expo-router/node/render.js ▓▓▓▓▓▓░░░░░░░░░░ 39.7% (301/483)
Web node_modules/expo-router/entry.js ▓▓▓▓▓▓░░░░░░░░░░ 39.1% (171/286)
λ node_modules/expo-router/node/render.js ▓▓▓▓▓▓░░░░░░░░░░ 39.7% (301/483)
Web node_modules/expo-router/entry.js ▓▓▓▓▓▓░░░░░░░░░░ 40.9% (186/291)
λ node_modules/expo-router/node/render.js ▓▓▓▓▓▓░░░░░░░░░░ 42.5% (330/506)
Web node_modules/expo-router/entry.js ▓▓▓▓▓▓░░░░░░░░░░ 41.0% (187/292)
λ node_modules/expo-router/node/render.js ▓▓▓▓▓▓▓░░░░░░░░░ 49.7% (366/519)
Web node_modules/expo-router/entry.js ▓▓▓▓▓▓░░░░░░░░░░ 41.0% (187/292)
λ node_modules/expo-router/node/render.js ▓▓▓▓▓▓▓▓░░░░░░░░ 52.9% (381/524)
Web node_modules/expo-router/entry.js ▓▓▓▓▓▓░░░░░░░░░░ 41.0% (187/292)
λ node_modules/expo-router/node/render.js ▓▓▓▓▓▓▓▓░░░░░░░░ 55.7% (397/533)
Web node_modules/expo-router/entry.js ▓▓▓▓▓▓░░░░░░░░░░ 41.0% (187/292)
λ node_modules/expo-router/node/render.js ▓▓▓▓▓▓▓▓░░░░░░░░ 55.7% ( 420/2104)
Web node_modules/expo-router/entry.js ▓▓▓▓▓▓░░░░░░░░░░ 41.0% (187/292)
λ node_modules/expo-router/node/render.js ▓▓▓▓▓▓▓▓░░░░░░░░ 55.7% ( 457/2140)
Web node_modules/expo-router/entry.js ▓▓▓▓▓▓░░░░░░░░░░ 41.0% (187/292)
λ node_modules/expo-router/node/render.js ▓▓▓▓▓▓▓▓░░░░░░░░ 55.7% ( 492/2153)
Web node_modules/expo-router/entry.js ▓▓▓▓▓▓░░░░░░░░░░ 41.0% (207/342)
λ node_modules/expo-router/node/render.js ▓▓▓▓▓▓▓▓░░░░░░░░ 55.7% ( 493/2153)
Web node_modules/expo-router/entry.js ▓▓▓▓▓▓░░░░░░░░░░ 41.0% (240/406)
λ node_modules/expo-router/node/render.js ▓▓▓▓▓▓▓▓░░░░░░░░ 55.7% ( 493/2153)
Web node_modules/expo-router/entry.js ▓▓▓▓▓▓░░░░░░░░░░ 41.0% (254/425)
λ node_modules/expo-router/node/render.js ▓▓▓▓▓▓▓▓░░░░░░░░ 55.7% ( 493/2153)
Web node_modules/expo-router/entry.js ▓▓▓▓▓▓░░░░░░░░░░ 41.0% (269/435)
λ node_modules/expo-router/node/render.js ▓▓▓▓▓▓▓▓░░░░░░░░ 55.7% ( 493/2153)
Web node_modules/expo-router/entry.js ▓▓▓▓▓▓░░░░░░░░░░ 41.0% (277/440)
λ node_modules/expo-router/node/render.js ▓▓▓▓▓▓▓▓░░░░░░░░ 55.7% ( 504/2158)
Web node_modules/expo-router/entry.js ▓▓▓▓▓▓░░░░░░░░░░ 42.4% (287/441)
λ node_modules/expo-router/node/render.js ▓▓▓▓▓▓▓▓░░░░░░░░ 55.7% ( 512/2160)
Web node_modules/expo-router/entry.js ▓▓▓▓▓▓░░░░░░░░░░ 43.1% (296/451)
λ node_modules/expo-router/node/render.js ▓▓▓▓▓▓▓▓░░░░░░░░ 55.7% ( 521/2216)
Web node_modules/expo-router/entry.js ▓▓▓▓▓▓▓░░░░░░░░░ 43.8% (301/455)
λ node_modules/expo-router/node/render.js ▓▓▓▓▓▓▓▓░░░░░░░░ 55.7% ( 571/2241)
Web node_modules/expo-router/entry.js ▓▓▓▓▓▓▓░░░░░░░░░ 43.8% (301/455)
λ node_modules/expo-router/node/render.js ▓▓▓▓▓▓▓▓░░░░░░░░ 55.7% ( 710/2241)
Web node_modules/expo-router/entry.js ▓▓▓▓▓▓▓░░░░░░░░░ 43.8% (301/455)
λ node_modules/expo-router/node/render.js ▓▓▓▓▓▓▓▓░░░░░░░░ 55.7% ( 899/2241)
Web node_modules/expo-router/entry.js ▓▓▓▓▓▓▓░░░░░░░░░ 43.8% (301/455)
λ node_modules/expo-router/node/render.js ▓▓▓▓▓▓▓▓░░░░░░░░ 55.7% (1115/2241)
Web node_modules/expo-router/entry.js ▓▓▓▓▓▓▓░░░░░░░░░ 43.8% (301/455)
λ node_modules/expo-router/node/render.js ▓▓▓▓▓▓▓▓░░░░░░░░ 55.7% (1356/2241)
Web node_modules/expo-router/entry.js ▓▓▓▓▓▓▓░░░░░░░░░ 43.8% (301/455)
λ node_modules/expo-router/node/render.js ▓▓▓▓▓▓▓▓░░░░░░░░ 55.7% (1604/2241)
Web node_modules/expo-router/entry.js ▓▓▓▓▓▓▓░░░░░░░░░ 43.8% (301/455)
λ node_modules/expo-router/node/render.js ▓▓▓▓▓▓▓▓▓▓░░░░░░ 68.7% (1858/2241)
Web node_modules/expo-router/entry.js ▓▓▓▓▓▓▓░░░░░░░░░ 43.8% (301/455)
λ node_modules/expo-router/node/render.js ▓▓▓▓▓▓▓▓▓▓▓▓▓░░░ 86.8% (2089/2243)
Web node_modules/expo-router/entry.js ▓▓▓▓▓▓▓░░░░░░░░░ 43.8% (301/455)
λ node_modules/expo-router/node/render.js ▓▓▓▓▓▓▓▓▓▓▓▓▓░░░ 87.2% (2150/2343)
Web node_modules/expo-router/entry.js ▓▓▓▓▓▓▓░░░░░░░░░ 47.7% (324/470)
λ node_modules/expo-router/node/render.js ▓▓▓▓▓▓▓▓▓▓▓▓▓░░░ 87.2% (2150/2343)
Web node_modules/expo-router/entry.js ▓▓▓▓▓▓▓▓░░░░░░░░ 51.5% (346/482)
λ node_modules/expo-router/node/render.js ▓▓▓▓▓▓▓▓▓▓▓▓▓░░░ 87.2% (2150/2343)
Web node_modules/expo-router/entry.js ▓▓▓▓▓▓▓▓░░░░░░░░ 54.0% (374/512)
λ node_modules/expo-router/node/render.js ▓▓▓▓▓▓▓▓▓▓▓▓▓░░░ 87.2% (2150/2343)
Web node_modules/expo-router/entry.js ▓▓▓▓▓▓▓▓▓░░░░░░░ 59.0% (407/536)
λ node_modules/expo-router/node/render.js ▓▓▓▓▓▓▓▓▓▓▓▓▓░░░ 87.2% (2150/2343)
Web node_modules/expo-router/entry.js ▓▓▓▓▓▓▓▓▓░░░░░░░ 60.4% (419/539)
λ node_modules/expo-router/node/render.js ▓▓▓▓▓▓▓▓▓▓▓▓▓░░░ 87.2% (2174/2392)
Web node_modules/expo-router/entry.js ▓▓▓▓▓▓▓▓▓░░░░░░░ 60.4% (419/539)
λ node_modules/expo-router/node/render.js ▓▓▓▓▓▓▓▓▓▓▓▓▓░░░ 87.2% (2201/2440)
Web node_modules/expo-router/entry.js ▓▓▓▓▓▓▓▓▓░░░░░░░ 61.8% (426/543)
λ node_modules/expo-router/node/render.js ▓▓▓▓▓▓▓▓▓▓▓▓▓░░░ 87.2% (2222/2485)
Web node_modules/expo-router/entry.js ▓▓▓▓▓▓▓▓▓░░░░░░░ 61.8% ( 448/2110)
λ node_modules/expo-router/node/render.js ▓▓▓▓▓▓▓▓▓▓▓▓▓░░░ 87.2% (2233/2699)
Web node_modules/expo-router/entry.js ▓▓▓▓▓▓▓▓▓░░░░░░░ 61.8% ( 460/2135)
λ node_modules/expo-router/node/render.js ▓▓▓▓▓▓▓▓▓▓▓▓▓░░░ 87.2% (2280/2783)
Web node_modules/expo-router/entry.js ▓▓▓▓▓▓▓▓▓░░░░░░░ 61.8% ( 460/2135)
λ node_modules/expo-router/node/render.js ▓▓▓▓▓▓▓▓▓▓▓▓▓░░░ 87.2% (2327/2820)
Web node_modules/expo-router/entry.js ▓▓▓▓▓▓▓▓▓░░░░░░░ 61.8% ( 492/2197)
λ node_modules/expo-router/node/render.js ▓▓▓▓▓▓▓▓▓▓▓▓▓░░░ 87.2% (2345/2829)
Web node_modules/expo-router/entry.js ▓▓▓▓▓▓▓▓▓░░░░░░░ 61.8% ( 533/2222)
λ node_modules/expo-router/node/render.js ▓▓▓▓▓▓▓▓▓▓▓▓▓░░░ 87.2% (2372/2838)
Web node_modules/expo-router/entry.js ▓▓▓▓▓▓▓▓▓░░░░░░░ 61.8% ( 539/2227)
λ node_modules/expo-router/node/render.js ▓▓▓▓▓▓▓▓▓▓▓▓▓░░░ 87.2% (2428/2873)
Web node_modules/expo-router/entry.js ▓▓▓▓▓▓▓▓▓░░░░░░░ 61.8% ( 539/2227)
λ node_modules/expo-router/node/render.js ▓▓▓▓▓▓▓▓▓▓▓▓▓░░░ 87.2% (2457/2884)
Web node_modules/expo-router/entry.js ▓▓▓▓▓▓▓▓▓░░░░░░░ 61.8% ( 582/2242)
λ node_modules/expo-router/node/render.js ▓▓▓▓▓▓▓▓▓▓▓▓▓░░░ 87.2% (2485/2917)
Web node_modules/expo-router/entry.js ▓▓▓▓▓▓▓▓▓░░░░░░░ 61.8% ( 678/2242)
λ node_modules/expo-router/node/render.js ▓▓▓▓▓▓▓▓▓▓▓▓▓░░░ 87.2% (2485/2917)
Web node_modules/expo-router/entry.js ▓▓▓▓▓▓▓▓▓░░░░░░░ 61.8% ( 773/2242)
λ node_modules/expo-router/node/render.js ▓▓▓▓▓▓▓▓▓▓▓▓▓░░░ 87.2% (2485/2917)
Web node_modules/expo-router/entry.js ▓▓▓▓▓▓▓▓▓░░░░░░░ 61.8% ( 887/2242)
λ node_modules/expo-router/node/render.js ▓▓▓▓▓▓▓▓▓▓▓▓▓░░░ 87.2% (2485/2917)
Web node_modules/expo-router/entry.js ▓▓▓▓▓▓▓▓▓░░░░░░░ 61.8% (1005/2242)
λ node_modules/expo-router/node/render.js ▓▓▓▓▓▓▓▓▓▓▓▓▓░░░ 87.2% (2485/2917)
Web node_modules/expo-router/entry.js ▓▓▓▓▓▓▓▓▓░░░░░░░ 61.8% (1146/2242)
λ node_modules/expo-router/node/render.js ▓▓▓▓▓▓▓▓▓▓▓▓▓░░░ 87.2% (2485/2917)
Web node_modules/expo-router/entry.js ▓▓▓▓▓▓▓▓▓░░░░░░░ 61.8% (1327/2242)
λ node_modules/expo-router/node/render.js ▓▓▓▓▓▓▓▓▓▓▓▓▓░░░ 87.2% (2485/2917)
Web node_modules/expo-router/entry.js ▓▓▓▓▓▓▓▓▓░░░░░░░ 61.8% (1504/2242)
λ node_modules/expo-router/node/render.js ▓▓▓▓▓▓▓▓▓▓▓▓▓░░░ 87.2% (2485/2917)
Web node_modules/expo-router/entry.js ▓▓▓▓▓▓▓▓▓░░░░░░░ 61.8% (1704/2242)
λ node_modules/expo-router/node/render.js ▓▓▓▓▓▓▓▓▓▓▓▓▓░░░ 87.2% (2485/2917)
Web node_modules/expo-router/entry.js ▓▓▓▓▓▓▓▓▓▓▓░░░░░ 69.3% (1867/2242)
λ node_modules/expo-router/node/render.js ▓▓▓▓▓▓▓▓▓▓▓▓▓░░░ 87.2% (2485/2917)
Web node_modules/expo-router/entry.js ▓▓▓▓▓▓▓▓▓▓▓▓▓░░░ 82.8% (2040/2242)
λ node_modules/expo-router/node/render.js ▓▓▓▓▓▓▓▓▓▓▓▓▓░░░ 87.2% (2485/2917)
Web node_modules/expo-router/entry.js ▓▓▓▓▓▓▓▓▓▓▓▓▓▓░░ 88.3% (2110/2246)
λ node_modules/expo-router/node/render.js ▓▓▓▓▓▓▓▓▓▓▓▓▓░░░ 87.2% (2516/2924)
Web node_modules/expo-router/entry.js ▓▓▓▓▓▓▓▓▓▓▓▓▓▓░░ 88.3% (2110/2246)
λ node_modules/expo-router/node/render.js ▓▓▓▓▓▓▓▓▓▓▓▓▓░░░ 87.2% (2531/2930)
Web node_modules/expo-router/entry.js ▓▓▓▓▓▓▓▓▓▓▓▓▓▓░░ 88.3% (2110/2246)
λ node_modules/expo-router/node/render.js ▓▓▓▓▓▓▓▓▓▓▓▓▓░░░ 87.2% (2562/2951)
Web node_modules/expo-router/entry.js ▓▓▓▓▓▓▓▓▓▓▓▓▓▓░░ 88.3% (2110/2246)
λ node_modules/expo-router/node/render.js ▓▓▓▓▓▓▓▓▓▓▓▓▓░░░ 87.2% (2589/2957)
Web node_modules/expo-router/entry.js ▓▓▓▓▓▓▓▓▓▓▓▓▓▓░░ 88.3% (2110/2246)
λ node_modules/expo-router/node/render.js ▓▓▓▓▓▓▓▓▓▓▓▓▓░░░ 87.2% (2655/2982)
Web node_modules/expo-router/entry.js ▓▓▓▓▓▓▓▓▓▓▓▓▓▓░░ 88.8% (2116/2246)
λ node_modules/expo-router/node/render.js ▓▓▓▓▓▓▓▓▓▓▓▓▓░░░ 87.2% (2717/2983)
| Dynamic import at line 123: require(s). This module may not work as intended when deployed to a runtime.
Web node_modules/expo-router/entry.js ▓▓▓▓▓▓▓▓▓▓▓▓▓▓░░ 89.5% (2138/2260)
λ node_modules/expo-router/node/render.js ▓▓▓▓▓▓▓▓▓▓▓▓▓░░░ 87.2% (2752/3001)
| Dynamic import at line 19: require(moduleId). This module may not work as intended when deployed to a runtime.
Web node_modules/expo-router/entry.js ▓▓▓▓▓▓▓▓▓▓▓▓▓▓░░ 89.7% (2140/2260)
λ node_modules/expo-router/node/render.js ▓▓▓▓▓▓▓▓▓▓▓▓▓░░░ 87.2% (2787/3033)
Web node_modules/expo-router/entry.js ▓▓▓▓▓▓▓▓▓▓▓▓▓▓░░ 89.8% (2148/2267)
λ node_modules/expo-router/node/render.js ▓▓▓▓▓▓▓▓▓▓▓▓▓░░░ 87.2% (2827/3089)
Web node_modules/expo-router/entry.js ▓▓▓▓▓▓▓▓▓▓▓▓▓▓░░ 90.4% (2183/2350)
λ node_modules/expo-router/node/render.js ▓▓▓▓▓▓▓▓▓▓▓▓▓░░░ 87.2% (2835/3104)
Web node_modules/expo-router/entry.js ▓▓▓▓▓▓▓▓▓▓▓▓▓▓░░ 90.4% (2210/2410)
λ node_modules/expo-router/node/render.js ▓▓▓▓▓▓▓▓▓▓▓▓▓░░░ 87.2% (2856/3127)
Web node_modules/expo-router/entry.js ▓▓▓▓▓▓▓▓▓▓▓▓▓▓░░ 90.4% (2235/2519)
λ node_modules/expo-router/node/render.js ▓▓▓▓▓▓▓▓▓▓▓▓▓░░░ 87.2% (2873/3142)
Web node_modules/expo-router/entry.js ▓▓▓▓▓▓▓▓▓▓▓▓▓▓░░ 90.4% (2241/2661)
λ node_modules/expo-router/node/render.js ▓▓▓▓▓▓▓▓▓▓▓▓▓░░░ 87.2% (2893/3148)
Web node_modules/expo-router/entry.js ▓▓▓▓▓▓▓▓▓▓▓▓▓▓░░ 90.4% (2242/2661)
λ node_modules/expo-router/node/render.js ▓▓▓▓▓▓▓▓▓▓▓▓▓░░░ 87.2% (2912/3148)
Web node_modules/expo-router/entry.js ▓▓▓▓▓▓▓▓▓▓▓▓▓▓░░ 90.4% (2245/2664)
λ node_modules/expo-router/node/render.js ▓▓▓▓▓▓▓▓▓▓▓▓▓░░░ 87.3% (2963/3171)
Web node_modules/expo-router/entry.js ▓▓▓▓▓▓▓▓▓▓▓▓▓▓░░ 90.4% (2258/2696)
λ node_modules/expo-router/node/render.js ▓▓▓▓▓▓▓▓▓▓▓▓▓▓░░ 88.7% (2997/3183)
Web node_modules/expo-router/entry.js ▓▓▓▓▓▓▓▓▓▓▓▓▓▓░░ 90.4% (2259/2696)
λ node_modules/expo-router/node/render.js ▓▓▓▓▓▓▓▓▓▓▓▓▓▓░░ 90.0% (3054/3220)
Web node_modules/expo-router/entry.js ▓▓▓▓▓▓▓▓▓▓▓▓▓▓░░ 90.4% (2291/2719)
λ node_modules/expo-router/node/render.js ▓▓▓▓▓▓▓▓▓▓▓▓▓▓░░ 92.3% (3100/3226)
Web node_modules/expo-router/entry.js ▓▓▓▓▓▓▓▓▓▓▓▓▓▓░░ 90.4% (2357/2737)
λ node_modules/expo-router/node/render.js ▓▓▓▓▓▓▓▓▓▓▓▓▓▓░░ 92.6% (3105/3227)
Web node_modules/expo-router/entry.js ▓▓▓▓▓▓▓▓▓▓▓▓▓▓░░ 90.4% (2376/2747)
λ node_modules/expo-router/node/render.js ▓▓▓▓▓▓▓▓▓▓▓▓▓▓░░ 92.6% (3111/3233)
Web node_modules/expo-router/entry.js ▓▓▓▓▓▓▓▓▓▓▓▓▓▓░░ 90.4% (2417/2786)
λ node_modules/expo-router/node/render.js ▓▓▓▓▓▓▓▓▓▓▓▓▓▓░░ 92.8% (3123/3244)
Web node_modules/expo-router/entry.js ▓▓▓▓▓▓▓▓▓▓▓▓▓▓░░ 90.4% (2446/2791)
λ node_modules/expo-router/node/render.js ▓▓▓▓▓▓▓▓▓▓▓▓▓▓░░ 92.8% (3123/3244)
Web node_modules/expo-router/entry.js ▓▓▓▓▓▓▓▓▓▓▓▓▓▓░░ 90.4% (2454/2794)
λ node_modules/expo-router/node/render.js ▓▓▓▓▓▓▓▓▓▓▓▓▓▓░░ 92.8% (3123/3244)
Web node_modules/expo-router/entry.js ▓▓▓▓▓▓▓▓▓▓▓▓▓▓░░ 90.4% (2479/2812)
λ node_modules/expo-router/node/render.js ▓▓▓▓▓▓▓▓▓▓▓▓▓▓░░ 92.8% (3123/3244)
Web node_modules/expo-router/entry.js ▓▓▓▓▓▓▓▓▓▓▓▓▓▓░░ 90.4% (2512/2820)
λ node_modules/expo-router/node/render.js ▓▓▓▓▓▓▓▓▓▓▓▓▓▓░░ 93.5% (3141/3249)
Web node_modules/expo-router/entry.js ▓▓▓▓▓▓▓▓▓▓▓▓▓▓░░ 90.4% (2570/2835)
λ node_modules/expo-router/node/render.js ▓▓▓▓▓▓▓▓▓▓▓▓▓▓░░ 93.5% (3141/3249)
Web node_modules/expo-router/entry.js ▓▓▓▓▓▓▓▓▓▓▓▓▓▓░░ 90.4% (2619/2850)
λ node_modules/expo-router/node/render.js ▓▓▓▓▓▓▓▓▓▓▓▓▓▓▓░ 93.8% (3149/3251)
Web node_modules/expo-router/entry.js ▓▓▓▓▓▓▓▓▓▓▓▓▓▓░░ 90.4% (2665/2860)
λ node_modules/expo-router/node/render.js ▓▓▓▓▓▓▓▓▓▓▓▓▓▓▓░ 94.4% (3175/3270)
Web node_modules/expo-router/entry.js ▓▓▓▓▓▓▓▓▓▓▓▓▓▓░░ 90.4% (2693/2885)
λ node_modules/expo-router/node/render.js ▓▓▓▓▓▓▓▓▓▓▓▓▓▓▓░ 94.5% (3185/3277)
Web node_modules/expo-router/entry.js ▓▓▓▓▓▓▓▓▓▓▓▓▓▓░░ 90.4% (2723/2911)
λ node_modules/expo-router/node/render.js ▓▓▓▓▓▓▓▓▓▓▓▓▓▓▓░ 95.4% (3228/3305)
Web node_modules/expo-router/entry.js ▓▓▓▓▓▓▓▓▓▓▓▓▓▓░░ 90.4% (2750/2932)
λ node_modules/expo-router/node/render.js ▓▓▓▓▓▓▓▓▓▓▓▓▓▓▓░ 96.2% (3244/3307)
Web node_modules/expo-router/entry.js ▓▓▓▓▓▓▓▓▓▓▓▓▓▓░░ 90.4% (2776/2938)
λ node_modules/expo-router/node/render.js ▓▓▓▓▓▓▓▓▓▓▓▓▓▓▓░ 96.3% (3245/3307)
Web node_modules/expo-router/entry.js ▓▓▓▓▓▓▓▓▓▓▓▓▓▓░░ 90.4% (2808/2957)
λ node_modules/expo-router/node/render.js ▓▓▓▓▓▓▓▓▓▓▓▓▓▓▓░ 96.3% (3245/3307)
Web node_modules/expo-router/entry.js ▓▓▓▓▓▓▓▓▓▓▓▓▓▓░░ 92.7% (2859/2969)
λ node_modules/expo-router/node/render.js ▓▓▓▓▓▓▓▓▓▓▓▓▓▓▓░ 96.3% (3268/3333)
Web node_modules/expo-router/entry.js ▓▓▓▓▓▓▓▓▓▓▓▓▓▓▓░ 93.8% (2890/3003)
λ node_modules/expo-router/node/render.js ▓▓▓▓▓▓▓▓▓▓▓▓▓▓▓░ 97.0% (3302/3356)
Web node_modules/expo-router/entry.js ▓▓▓▓▓▓▓▓▓▓▓▓▓▓▓░ 93.9% (2935/3029)
λ node_modules/expo-router/node/render.js ▓▓▓▓▓▓▓▓▓▓▓▓▓▓▓░ 97.0% (3305/3359)
Web node_modules/expo-router/entry.js ▓▓▓▓▓▓▓▓▓▓▓▓▓▓▓░ 94.7% (2960/3048)
λ node_modules/expo-router/node/render.js ▓▓▓▓▓▓▓▓▓▓▓▓▓▓▓░ 97.9% (3333/3368)
Web node_modules/expo-router/entry.js ▓▓▓▓▓▓▓▓▓▓▓▓▓▓▓░ 95.0% (2984/3061)
λ node_modules/expo-router/node/render.js ▓▓▓▓▓▓▓▓▓▓▓▓▓▓▓░ 98.2% (3338/3368)
Web node_modules/expo-router/entry.js ▓▓▓▓▓▓▓▓▓▓▓▓▓▓▓░ 95.8% (3015/3081)
λ node_modules/expo-router/node/render.js ▓▓▓▓▓▓▓▓▓▓▓▓▓▓▓░ 99.2% (3358/3371)
Web node_modules/expo-router/entry.js ▓▓▓▓▓▓▓▓▓▓▓▓▓▓▓░ 96.2% (3040/3117)
λ node_modules/expo-router/node/render.js ▓▓▓▓▓▓▓▓▓▓▓▓▓▓▓░ 99.7% (3368/3373)
Web node_modules/expo-router/entry.js ▓▓▓▓▓▓▓▓▓▓▓▓▓▓▓░ 97.1% (3089/3135)
λ node_modules/expo-router/node/render.js ▓▓▓▓▓▓▓▓▓▓▓▓▓▓▓░ 99.9% (3372/3373)
Web node_modules/expo-router/entry.js ▓▓▓▓▓▓▓▓▓▓▓▓▓▓▓░ 98.2% (3115/3144)
λ node_modules/expo-router/node/render.js ▓▓▓▓▓▓▓▓▓▓▓▓▓▓▓░ 99.9% (3373/3373)
λ Bundled 376992ms node_modules/expo-router/node/render.js (3373 modules)
Web node_modules/expo-router/entry.js ▓▓▓▓▓▓▓▓▓▓▓▓▓▓▓░ 99.1% (3170/3197)
Web Bundled 380842ms node_modules/expo-router/entry.js (3205 modules)
[expo-notifications] Listening to push token changes is not yet fully supported on web. Adding a listener will have no effect.
Web node_modules/expo-router/entry.js ▓▓▓▓▓▓▓▓▓▓▓▓▓▓▓░ 99.9% (3205/3205)

› web bundles (1):
_expo/static/js/web/entry-11a35a5e614b8ce3e82323605661ea12.js (5.22 MB)

› Static routes (20):
/crm (54.6 kB)
/ (index) (28.5 kB)
/quote (64.3 kB)
/track (47.7 kB)
/profile (38.8 kB)
/_sitemap (41.4 kB)
/messages (41.1 kB)
/services (58 kB)
/admin/crm (27.3 kB)
/+not-found (28.6 kB)
/(tabs)/crm (54.6 kB)
/admin (27.3 kB)
/(tabs) (39.2 kB)
/(tabs)/quote (64.3 kB)
/(tabs)/track (47.7 kB)
/admin/profile (27.3 kB)
/auth/verified (28.5 kB)
/(tabs)/profile (38.8 kB)
/(tabs)/messages (41.1 kB)
/(tabs)/services (58 kB)

Exported: dist
